{"C:\\Users\\SadiQHabiL\\Documents\\GitHub\\To-Do-List\\src\\addByEnter.js": {"path":"C:\\Users\\SadiQHabiL\\Documents\\GitHub\\To-Do-List\\src\\addByEnter.js","statementMap":{"0":{"start":{"line":4,"column":19},"end":{"line":9,"column":1}},"1":{"start":{"line":5,"column":2},"end":{"line":8,"column":3}},"2":{"start":{"line":6,"column":4},"end":{"line":6,"column":10}},"3":{"start":{"line":7,"column":4},"end":{"line":7,"column":30}}},"fnMap":{"0":{"name":"(anonymous_0)","decl":{"start":{"line":4,"column":19},"end":{"line":4,"column":20}},"loc":{"start":{"line":4,"column":35},"end":{"line":9,"column":1}},"line":4}},"branchMap":{"0":{"loc":{"start":{"line":5,"column":2},"end":{"line":8,"column":3}},"type":"if","locations":[{"start":{"line":5,"column":2},"end":{"line":8,"column":3}},{"start":{},"end":{}}],"line":5}},"s":{"0":0,"1":0,"2":0,"3":0},"f":{"0":0},"b":{"0":[0,0]}}
,"C:\\Users\\SadiQHabiL\\Documents\\GitHub\\To-Do-List\\src\\addItem.js": {"path":"C:\\Users\\SadiQHabiL\\Documents\\GitHub\\To-Do-List\\src\\addItem.js","statementMap":{"0":{"start":{"line":7,"column":4},"end":{"line":7,"column":27}},"1":{"start":{"line":8,"column":4},"end":{"line":8,"column":35}},"2":{"start":{"line":9,"column":4},"end":{"line":9,"column":33}},"3":{"start":{"line":10,"column":4},"end":{"line":10,"column":32}},"4":{"start":{"line":15,"column":2},"end":{"line":24,"column":3}},"5":{"start":{"line":16,"column":15},"end":{"line":16,"column":31}},"6":{"start":{"line":17,"column":20},"end":{"line":17,"column":79}},"7":{"start":{"line":18,"column":4},"end":{"line":18,"column":23}},"8":{"start":{"line":19,"column":4},"end":{"line":19,"column":24}},"9":{"start":{"line":20,"column":4},"end":{"line":20,"column":28}},"10":{"start":{"line":21,"column":4},"end":{"line":21,"column":29}},"11":{"start":{"line":22,"column":4},"end":{"line":22,"column":18}},"12":{"start":{"line":23,"column":4},"end":{"line":23,"column":48}}},"fnMap":{"0":{"name":"(anonymous_0)","decl":{"start":{"line":6,"column":2},"end":{"line":6,"column":3}},"loc":{"start":{"line":6,"column":33},"end":{"line":11,"column":3}},"line":6},"1":{"name":"add","decl":{"start":{"line":14,"column":24},"end":{"line":14,"column":27}},"loc":{"start":{"line":14,"column":30},"end":{"line":25,"column":1}},"line":14}},"branchMap":{"0":{"loc":{"start":{"line":15,"column":2},"end":{"line":24,"column":3}},"type":"if","locations":[{"start":{"line":15,"column":2},"end":{"line":24,"column":3}},{"start":{},"end":{}}],"line":15}},"s":{"0":0,"1":0,"2":0,"3":0,"4":0,"5":0,"6":0,"7":0,"8":0,"9":0,"10":0,"11":0,"12":0},"f":{"0":0,"1":0},"b":{"0":[0,0]}}
,"C:\\Users\\SadiQHabiL\\Documents\\GitHub\\To-Do-List\\src\\clearAll.js": {"path":"C:\\Users\\SadiQHabiL\\Documents\\GitHub\\To-Do-List\\src\\clearAll.js","statementMap":{"0":{"start":{"line":6,"column":2},"end":{"line":6,"column":63}},"1":{"start":{"line":6,"column":31},"end":{"line":6,"column":54}},"2":{"start":{"line":7,"column":2},"end":{"line":7,"column":22}},"3":{"start":{"line":8,"column":2},"end":{"line":8,"column":39}},"4":{"start":{"line":9,"column":2},"end":{"line":9,"column":16}}},"fnMap":{"0":{"name":"clearAll","decl":{"start":{"line":5,"column":24},"end":{"line":5,"column":32}},"loc":{"start":{"line":5,"column":39},"end":{"line":10,"column":1}},"line":5},"1":{"name":"(anonymous_1)","decl":{"start":{"line":6,"column":21},"end":{"line":6,"column":22}},"loc":{"start":{"line":6,"column":31},"end":{"line":6,"column":54}},"line":6}},"branchMap":{},"s":{"0":0,"1":0,"2":0,"3":0,"4":0},"f":{"0":0,"1":0},"b":{}}
,"C:\\Users\\SadiQHabiL\\Documents\\GitHub\\To-Do-List\\src\\clearHole.js": {"path":"C:\\Users\\SadiQHabiL\\Documents\\GitHub\\To-Do-List\\src\\clearHole.js","statementMap":{"0":{"start":{"line":6,"column":2},"end":{"line":6,"column":24}},"1":{"start":{"line":7,"column":2},"end":{"line":7,"column":22}},"2":{"start":{"line":8,"column":2},"end":{"line":8,"column":39}},"3":{"start":{"line":9,"column":2},"end":{"line":9,"column":16}}},"fnMap":{"0":{"name":"clearHole","decl":{"start":{"line":5,"column":24},"end":{"line":5,"column":33}},"loc":{"start":{"line":5,"column":40},"end":{"line":10,"column":1}},"line":5}},"branchMap":{},"s":{"0":0,"1":0,"2":0,"3":0},"f":{"0":0},"b":{}}
,"C:\\Users\\SadiQHabiL\\Documents\\GitHub\\To-Do-List\\src\\display.js": {"path":"C:\\Users\\SadiQHabiL\\Documents\\GitHub\\To-Do-List\\src\\display.js","statementMap":{"0":{"start":{"line":5,"column":16},"end":{"line":43,"column":1}},"1":{"start":{"line":6,"column":15},"end":{"line":6,"column":46}},"2":{"start":{"line":7,"column":2},"end":{"line":7,"column":22}},"3":{"start":{"line":8,"column":2},"end":{"line":42,"column":3}},"4":{"start":{"line":9,"column":4},"end":{"line":41,"column":7}},"5":{"start":{"line":10,"column":18},"end":{"line":10,"column":47}},"6":{"start":{"line":11,"column":6},"end":{"line":11,"column":29}},"7":{"start":{"line":12,"column":23},"end":{"line":12,"column":54}},"8":{"start":{"line":13,"column":6},"end":{"line":13,"column":67}},"9":{"start":{"line":13,"column":47},"end":{"line":13,"column":65}},"10":{"start":{"line":14,"column":24},"end":{"line":14,"column":51}},"11":{"start":{"line":15,"column":6},"end":{"line":15,"column":81}},"12":{"start":{"line":15,"column":48},"end":{"line":15,"column":79}},"13":{"start":{"line":16,"column":25},"end":{"line":16,"column":52}},"14":{"start":{"line":17,"column":6},"end":{"line":17,"column":55}},"15":{"start":{"line":18,"column":6},"end":{"line":18,"column":37}},"16":{"start":{"line":19,"column":6},"end":{"line":19,"column":59}},"17":{"start":{"line":20,"column":6},"end":{"line":20,"column":37}},"18":{"start":{"line":21,"column":6},"end":{"line":21,"column":32}},"19":{"start":{"line":22,"column":6},"end":{"line":22,"column":29}},"20":{"start":{"line":23,"column":6},"end":{"line":28,"column":7}},"21":{"start":{"line":24,"column":8},"end":{"line":24,"column":50}},"22":{"start":{"line":25,"column":8},"end":{"line":25,"column":33}},"23":{"start":{"line":27,"column":8},"end":{"line":27,"column":42}},"24":{"start":{"line":29,"column":6},"end":{"line":29,"column":48}},"25":{"start":{"line":30,"column":6},"end":{"line":30,"column":33}},"26":{"start":{"line":31,"column":6},"end":{"line":31,"column":38}},"27":{"start":{"line":32,"column":6},"end":{"line":32,"column":40}},"28":{"start":{"line":33,"column":6},"end":{"line":33,"column":48}},"29":{"start":{"line":34,"column":28},"end":{"line":34,"column":57}},"30":{"start":{"line":35,"column":6},"end":{"line":35,"column":50}},"31":{"start":{"line":36,"column":6},"end":{"line":36,"column":49}},"32":{"start":{"line":37,"column":6},"end":{"line":37,"column":43}},"33":{"start":{"line":38,"column":6},"end":{"line":38,"column":43}},"34":{"start":{"line":39,"column":6},"end":{"line":39,"column":23}},"35":{"start":{"line":40,"column":6},"end":{"line":40,"column":83}},"36":{"start":{"line":40,"column":49},"end":{"line":40,"column":81}}},"fnMap":{"0":{"name":"(anonymous_0)","decl":{"start":{"line":5,"column":16},"end":{"line":5,"column":17}},"loc":{"start":{"line":5,"column":26},"end":{"line":43,"column":1}},"line":5},"1":{"name":"(anonymous_1)","decl":{"start":{"line":9,"column":17},"end":{"line":9,"column":18}},"loc":{"start":{"line":9,"column":27},"end":{"line":41,"column":5}},"line":9},"2":{"name":"(anonymous_2)","decl":{"start":{"line":13,"column":41},"end":{"line":13,"column":42}},"loc":{"start":{"line":13,"column":47},"end":{"line":13,"column":65}},"line":13},"3":{"name":"(anonymous_3)","decl":{"start":{"line":15,"column":42},"end":{"line":15,"column":43}},"loc":{"start":{"line":15,"column":48},"end":{"line":15,"column":79}},"line":15},"4":{"name":"(anonymous_4)","decl":{"start":{"line":40,"column":43},"end":{"line":40,"column":44}},"loc":{"start":{"line":40,"column":49},"end":{"line":40,"column":81}},"line":40}},"branchMap":{"0":{"loc":{"start":{"line":8,"column":2},"end":{"line":42,"column":3}},"type":"if","locations":[{"start":{"line":8,"column":2},"end":{"line":42,"column":3}},{"start":{},"end":{}}],"line":8},"1":{"loc":{"start":{"line":23,"column":6},"end":{"line":28,"column":7}},"type":"if","locations":[{"start":{"line":23,"column":6},"end":{"line":28,"column":7}},{"start":{"line":26,"column":13},"end":{"line":28,"column":7}}],"line":23}},"s":{"0":0,"1":0,"2":0,"3":0,"4":0,"5":0,"6":0,"7":0,"8":0,"9":0,"10":0,"11":0,"12":0,"13":0,"14":0,"15":0,"16":0,"17":0,"18":0,"19":0,"20":0,"21":0,"22":0,"23":0,"24":0,"25":0,"26":0,"27":0,"28":0,"29":0,"30":0,"31":0,"32":0,"33":0,"34":0,"35":0,"36":0},"f":{"0":0,"1":0,"2":0,"3":0,"4":0},"b":{"0":[0,0],"1":[0,0]}}
,"C:\\Users\\SadiQHabiL\\Documents\\GitHub\\To-Do-List\\src\\editItem.js": {"path":"C:\\Users\\SadiQHabiL\\Documents\\GitHub\\To-Do-List\\src\\editItem.js","statementMap":{"0":{"start":{"line":3,"column":17},"end":{"line":6,"column":1}},"1":{"start":{"line":4,"column":2},"end":{"line":4,"column":44}},"2":{"start":{"line":5,"column":2},"end":{"line":5,"column":22}}},"fnMap":{"0":{"name":"(anonymous_0)","decl":{"start":{"line":3,"column":17},"end":{"line":3,"column":18}},"loc":{"start":{"line":3,"column":45},"end":{"line":6,"column":1}},"line":3}},"branchMap":{},"s":{"0":0,"1":0,"2":0},"f":{"0":0},"b":{}}
,"C:\\Users\\SadiQHabiL\\Documents\\GitHub\\To-Do-List\\src\\index.js": {"path":"C:\\Users\\SadiQHabiL\\Documents\\GitHub\\To-Do-List\\src\\index.js","statementMap":{"0":{"start":{"line":10,"column":0},"end":{"line":16,"column":3}},"1":{"start":{"line":11,"column":2},"end":{"line":11,"column":8}},"2":{"start":{"line":12,"column":15},"end":{"line":12,"column":31}},"3":{"start":{"line":13,"column":2},"end":{"line":13,"column":20}},"4":{"start":{"line":14,"column":2},"end":{"line":14,"column":22}},"5":{"start":{"line":15,"column":2},"end":{"line":15,"column":16}},"6":{"start":{"line":18,"column":0},"end":{"line":21,"column":3}},"7":{"start":{"line":19,"column":15},"end":{"line":19,"column":31}},"8":{"start":{"line":20,"column":2},"end":{"line":20,"column":18}},"9":{"start":{"line":23,"column":0},"end":{"line":26,"column":3}},"10":{"start":{"line":24,"column":15},"end":{"line":24,"column":31}},"11":{"start":{"line":25,"column":2},"end":{"line":25,"column":17}},"12":{"start":{"line":28,"column":0},"end":{"line":28,"column":104}},"13":{"start":{"line":28,"column":80},"end":{"line":28,"column":102}},"14":{"start":{"line":30,"column":13},"end":{"line":30,"column":42}},"15":{"start":{"line":32,"column":0},"end":{"line":32,"column":14}}},"fnMap":{"0":{"name":"(anonymous_0)","decl":{"start":{"line":10,"column":60},"end":{"line":10,"column":61}},"loc":{"start":{"line":10,"column":66},"end":{"line":16,"column":1}},"line":10},"1":{"name":"(anonymous_1)","decl":{"start":{"line":18,"column":62},"end":{"line":18,"column":63}},"loc":{"start":{"line":18,"column":68},"end":{"line":21,"column":1}},"line":18},"2":{"name":"(anonymous_2)","decl":{"start":{"line":23,"column":62},"end":{"line":23,"column":63}},"loc":{"start":{"line":23,"column":68},"end":{"line":26,"column":1}},"line":23},"3":{"name":"(anonymous_3)","decl":{"start":{"line":28,"column":69},"end":{"line":28,"column":70}},"loc":{"start":{"line":28,"column":80},"end":{"line":28,"column":102}},"line":28}},"branchMap":{},"s":{"0":0,"1":0,"2":0,"3":0,"4":0,"5":0,"6":0,"7":0,"8":0,"9":0,"10":0,"11":0,"12":0,"13":0,"14":0,"15":0},"f":{"0":0,"1":0,"2":0,"3":0},"b":{}}
,"C:\\Users\\SadiQHabiL\\Documents\\GitHub\\To-Do-List\\src\\indexUpdate.js": {"path":"C:\\Users\\SadiQHabiL\\Documents\\GitHub\\To-Do-List\\src\\indexUpdate.js","statementMap":{"0":{"start":{"line":3,"column":20},"end":{"line":11,"column":1}},"1":{"start":{"line":4,"column":16},"end":{"line":4,"column":17}},"2":{"start":{"line":5,"column":2},"end":{"line":8,"column":5}},"3":{"start":{"line":6,"column":4},"end":{"line":6,"column":25}},"4":{"start":{"line":7,"column":4},"end":{"line":7,"column":17}},"5":{"start":{"line":9,"column":2},"end":{"line":9,"column":22}},"6":{"start":{"line":10,"column":2},"end":{"line":10,"column":14}}},"fnMap":{"0":{"name":"(anonymous_0)","decl":{"start":{"line":3,"column":20},"end":{"line":3,"column":21}},"loc":{"start":{"line":3,"column":30},"end":{"line":11,"column":1}},"line":3},"1":{"name":"(anonymous_1)","decl":{"start":{"line":5,"column":15},"end":{"line":5,"column":16}},"loc":{"start":{"line":5,"column":25},"end":{"line":8,"column":3}},"line":5}},"branchMap":{},"s":{"0":0,"1":0,"2":0,"3":0,"4":0,"5":0,"6":0},"f":{"0":0,"1":0},"b":{}}
,"C:\\Users\\SadiQHabiL\\Documents\\GitHub\\To-Do-List\\src\\removeItem.js": {"path":"C:\\Users\\SadiQHabiL\\Documents\\GitHub\\To-Do-List\\src\\removeItem.js","statementMap":{"0":{"start":{"line":4,"column":19},"end":{"line":9,"column":1}},"1":{"start":{"line":5,"column":2},"end":{"line":5,"column":66}},"2":{"start":{"line":5,"column":35},"end":{"line":5,"column":64}},"3":{"start":{"line":6,"column":2},"end":{"line":6,"column":27}},"4":{"start":{"line":7,"column":2},"end":{"line":7,"column":22}},"5":{"start":{"line":8,"column":2},"end":{"line":8,"column":28}}},"fnMap":{"0":{"name":"(anonymous_0)","decl":{"start":{"line":4,"column":19},"end":{"line":4,"column":20}},"loc":{"start":{"line":4,"column":44},"end":{"line":9,"column":1}},"line":4},"1":{"name":"(anonymous_1)","decl":{"start":{"line":5,"column":21},"end":{"line":5,"column":22}},"loc":{"start":{"line":5,"column":35},"end":{"line":5,"column":64}},"line":5}},"branchMap":{},"s":{"0":0,"1":0,"2":0,"3":0,"4":0,"5":0},"f":{"0":0,"1":0},"b":{}}
,"C:\\Users\\SadiQHabiL\\Documents\\GitHub\\To-Do-List\\src\\status.js": {"path":"C:\\Users\\SadiQHabiL\\Documents\\GitHub\\To-Do-List\\src\\status.js","statementMap":{"0":{"start":{"line":3,"column":15},"end":{"line":6,"column":1}},"1":{"start":{"line":4,"column":2},"end":{"line":4,"column":35}},"2":{"start":{"line":5,"column":2},"end":{"line":5,"column":22}}},"fnMap":{"0":{"name":"(anonymous_0)","decl":{"start":{"line":3,"column":15},"end":{"line":3,"column":16}},"loc":{"start":{"line":3,"column":31},"end":{"line":6,"column":1}},"line":3}},"branchMap":{},"s":{"0":0,"1":0,"2":0},"f":{"0":0},"b":{}}
,"C:\\Users\\SadiQHabiL\\Documents\\GitHub\\To-Do-List\\src\\storage.js": {"path":"C:\\Users\\SadiQHabiL\\Documents\\GitHub\\To-Do-List\\src\\storage.js","statementMap":{"0":{"start":{"line":1,"column":23},"end":{"line":6,"column":3}},"1":{"start":{"line":2,"column":4},"end":{"line":4,"column":5}},"2":{"start":{"line":3,"column":6},"end":{"line":3,"column":54}},"3":{"start":{"line":5,"column":4},"end":{"line":5,"column":14}},"4":{"start":{"line":8,"column":24},"end":{"line":10,"column":3}},"5":{"start":{"line":9,"column":4},"end":{"line":9,"column":55}}},"fnMap":{"0":{"name":"(anonymous_0)","decl":{"start":{"line":1,"column":23},"end":{"line":1,"column":24}},"loc":{"start":{"line":1,"column":29},"end":{"line":6,"column":3}},"line":1},"1":{"name":"(anonymous_1)","decl":{"start":{"line":8,"column":24},"end":{"line":8,"column":25}},"loc":{"start":{"line":8,"column":34},"end":{"line":10,"column":3}},"line":8}},"branchMap":{"0":{"loc":{"start":{"line":2,"column":4},"end":{"line":4,"column":5}},"type":"if","locations":[{"start":{"line":2,"column":4},"end":{"line":4,"column":5}},{"start":{},"end":{}}],"line":2}},"s":{"0":0,"1":0,"2":0,"3":0,"4":0,"5":0},"f":{"0":0,"1":0},"b":{"0":[0,0]}}
}
